#separator \x09
#set_separator	,
#empty_field	(empty)
#unset_field	-
#path	ocsp
#open	2025-09-18-13-05-35
#fields	ts	id	hashAlgorithm	issuerNameHash	issuerKeyHash	serialNumber	certStatus	revoketime	revokereason	thisUpdate	nextUpdate
#types	time	string	string	string	string	string	string	time	string	time	time
1722307155.254448	FtBrUL3KjJyjPbQ5V8	sha1	E475019DC323E226741D6C40390795F90596462E	3B70D153E976259D60A8CA660FC69BAE6F54166A	3300675AF0CB47E46B1129F6B9000000675AF0	good	-	-	1721671971.000000	1722364371.000000
1722307157.978011	FEdUN21abWxvhc7rKf	sha1	B34FFCEAC1CA8DBE13FD8B8738B023F3D896F3AC	FE09714055051044D8A48175B89E1AE94A0688C8	330080AA9EF590E51892F4346F00000080AA9E	good	-	-	1721859133.000000	1722551533.000000
1722307158.798820	Fsp8A4b3TrChH5Kh7	sha1	E475019DC323E226741D6C40390795F90596462E	3B70D153E976259D60A8CA660FC69BAE6F54166A	330080C359C966BCEFCCC97B2A00000080C359	good	-	-	1721844771.000000	1722537171.000000
1722307163.471599	FjvyNW1sVgSoHMFhm8	sha1	E475019DC323E226741D6C40390795F90596462E	3B70D153E976259D60A8CA660FC69BAE6F54166A	330080C359C966BCEFCCC97B2A00000080C359	good	-	-	1721844771.000000	1722537171.000000
1722307163.547418	F7RGOfAJ7v7njmqxc	sha1	E475019DC323E226741D6C40390795F90596462E	3B70D153E976259D60A8CA660FC69BAE6F54166A	330033AA11477CE3B3656C5FB300000033AA11	good	-	-	1721859171.000000	1722551571.000000
1722307164.028863	FsarUE3oFyQH9z300i	sha1	7624DB6BD09C44BD8C92A5BC8159AA8199E6A50A	CE15163BEA02A3A66BDAD92BFDE58C52BE7A50A8	33003435152F23E2477DC0CD90000000343515	good	-	-	1722157814.000000	1722850214.000000
1722307332.318443	FZSgFf1gXfFWoaYf97	sha1	B34FFCEAC1CA8DBE13FD8B8738B023F3D896F3AC	FE09714055051044D8A48175B89E1AE94A0688C8	330080AA9EF590E51892F4346F00000080AA9E	good	-	-	1721844732.000000	1722537132.000000
1722307332.790361	F0lg5n2clz4SQ860cd	sha1	B34FFCEAC1CA8DBE13FD8B8738B023F3D896F3AC	FE09714055051044D8A48175B89E1AE94A0688C8	33006A4A629025338E234623FD0000006A4A62	good	-	-	1722075133.000000	1722767533.000000
1722307332.802207	FX0fTy4Ziol5hWGt6l	sha1	E475019DC323E226741D6C40390795F90596462E	3B70D153E976259D60A8CA660FC69BAE6F54166A	330080C359C966BCEFCCC97B2A00000080C359	good	-	-	1721844771.000000	1722537171.000000
1722307332.802288	FsNbYM2gtcdKnJw8C5	sha1	E475019DC323E226741D6C40390795F90596462E	3B70D153E976259D60A8CA660FC69BAE6F54166A	330080C359C966BCEFCCC97B2A00000080C359	good	-	-	1721844771.000000	1722537171.000000
1722307332.802337	Fuip0n4qfp4EXcVkF9	sha1	E475019DC323E226741D6C40390795F90596462E	3B70D153E976259D60A8CA660FC69BAE6F54166A	330080C359C966BCEFCCC97B2A00000080C359	good	-	-	1721844771.000000	1722537171.000000
1722307332.802422	FzI60832bgXt013Kb7	sha1	E475019DC323E226741D6C40390795F90596462E	3B70D153E976259D60A8CA660FC69BAE6F54166A	330080C359C966BCEFCCC97B2A00000080C359	good	-	-	1721844771.000000	1722537171.000000
1722307333.383369	FCt56J2rvXMdt7AtV4	sha1	48B6A9E21293B3C020B12ACE4E73649A3C67DC9B	DD51D0A23173A973AE8FB4017E5D8C57CB9FF0F7	0ECDAB152D2161F7C843D25F3F00FCDE	good	-	-	1721879101.000000	1722480301.000000
1722307345.640468	FPikSY3rOlbAkpQ1Wa	sha1	905C8D015FC21E895193058DD6CE69DDC61DEAE2	AD541D035471C62F5ED65B1858CE6E24C5D6A20A	3300001BCD5C024227B1D02487000000001BCD	good	-	-	1721754677.000000	1722447077.000000
1722307469.582859	FwX9H2P4ySsBUtJw5	sha1	E4E395A229D3D4C1C31FF0980C0B4EC0098AABD8	B76BA2EAA8AA848C79EAB4DA0F98B2C59576B9F4	0C7D3FFAE9EA19FE85C06653543D1CD8	good	-	-	1721779382.000000	1722380582.000000
#close	2025-09-18-13-05-36
